<?xml version="1.0" encoding="UTF-8"?>
<!-- Generated by org.testng.reporters.JUnitReportReporter -->
<testsuite hostname="DESKTOP-4P7TJIU" name="RestTesting.Trello" tests="3" failures="0" timestamp="16 Mar 2022 16:57:02 GMT" time="10.592" errors="0">
  <testcase name="getBoard" time="0.805" classname="RestTesting.Trello"/>
  <testcase name="createBoard" time="8.067" classname="RestTesting.Trello"/>
  <testcase name="DeleteBoard" time="1.720" classname="RestTesting.Trello"/>
</testsuite> <!-- RestTesting.Trello -->
