<?xml version="1.0" encoding="UTF-8"?>
<!-- Generated by org.testng.reporters.JUnitReportReporter -->
<testsuite hostname="DESKTOP-4P7TJIU" name="RestTesting.Ecommers" tests="2" failures="0" timestamp="16 Mar 2022 16:57:02 GMT" time="7.318" errors="0">
  <testcase name="Getallusers" time="2.754" classname="RestTesting.Ecommers"/>
  <testcase name="Login" time="4.564" classname="RestTesting.Ecommers"/>
</testsuite> <!-- RestTesting.Ecommers -->
