<?xml version="1.0" encoding="UTF-8"?>
<!-- Generated by org.testng.reporters.JUnitReportReporter -->
<testsuite hostname="DESKTOP-4P7TJIU" failures="0" tests="3" name="RestTesting.Trello" time="10.185" errors="0" timestamp="16 Mar 2022 16:47:06 GMT">
  <testcase classname="RestTesting.Trello" name="getBoard" time="0.727"/>
  <testcase classname="RestTesting.Trello" name="DeleteBoard" time="0.833"/>
  <testcase classname="RestTesting.Trello" name="createBoard" time="8.625"/>
</testsuite> <!-- RestTesting.Trello -->
