<?xml version="1.0" encoding="UTF-8"?>
<!-- Generated by org.testng.reporters.JUnitReportReporter -->
<testsuite hostname="DESKTOP-4P7TJIU" failures="0" tests="2" name="RestTesting.Ecommers" time="7.058" errors="0" timestamp="16 Mar 2022 16:47:06 GMT">
  <testcase classname="RestTesting.Ecommers" name="Getallusers" time="2.853"/>
  <testcase classname="RestTesting.Ecommers" name="Login" time="4.205"/>
</testsuite> <!-- RestTesting.Ecommers -->
